<?xml version="1.0" encoding="UTF-8"?>
<testsuite xmlns:xsi="http://www.w3.org/2001/XMLSchema-instance" xsi:noNamespaceSchemaLocation="https://maven.apache.org/surefire/maven-surefire-plugin/xsd/surefire-test-report-3.0.xsd" version="3.0" name="com.medhead.api.ApiApplicationTests" time="2.947" tests="1" errors="0" skipped="0" failures="0">
  <properties>
    <property name="java.specification.version" value="19"/>
    <property name="sun.jnu.encoding" value="UTF-8"/>
    <property name="java.class.path" value="/Users/henrickagname/openclassroom/p11/api/target/test-classes:/Users/henrickagname/openclassroom/p11/api/target/classes:/Users/henrickagname/.m2/repository/org/springframework/boot/spring-boot-starter-data-jpa/3.2.2/spring-boot-starter-data-jpa-3.2.2.jar:/Users/henrickagname/.m2/repository/org/springframework/boot/spring-boot-starter-aop/3.2.2/spring-boot-starter-aop-3.2.2.jar:/Users/henrickagname/.m2/repository/org/aspectj/aspectjweaver/1.9.21/aspectjweaver-1.9.21.jar:/Users/henrickagname/.m2/repository/org/hibernate/orm/hibernate-core/6.4.1.Final/hibernate-core-6.4.1.Final.jar:/Users/henrickagname/.m2/repository/jakarta/persistence/jakarta.persistence-api/3.1.0/jakarta.persistence-api-3.1.0.jar:/Users/henrickagname/.m2/repository/jakarta/transaction/jakarta.transaction-api/2.0.1/jakarta.transaction-api-2.0.1.jar:/Users/henrickagname/.m2/repository/org/jboss/logging/jboss-logging/3.5.3.Final/jboss-logging-3.5.3.Final.jar:/Users/henrickagname/.m2/repository/org/hibernate/common/hibernate-commons-annotations/6.0.6.Final/hibernate-commons-annotations-6.0.6.Final.jar:/Users/henrickagname/.m2/repository/io/smallrye/jandex/3.1.2/jandex-3.1.2.jar:/Users/henrickagname/.m2/repository/com/fasterxml/classmate/1.6.0/classmate-1.6.0.jar:/Users/henrickagname/.m2/repository/net/bytebuddy/byte-buddy/1.14.11/byte-buddy-1.14.11.jar:/Users/henrickagname/.m2/repository/org/glassfish/jaxb/jaxb-runtime/4.0.4/jaxb-runtime-4.0.4.jar:/Users/henrickagname/.m2/repository/org/glassfish/jaxb/jaxb-core/4.0.4/jaxb-core-4.0.4.jar:/Users/henrickagname/.m2/repository/org/eclipse/angus/angus-activation/2.0.1/angus-activation-2.0.1.jar:/Users/henrickagname/.m2/repository/org/glassfish/jaxb/txw2/4.0.4/txw2-4.0.4.jar:/Users/henrickagname/.m2/repository/com/sun/istack/istack-commons-runtime/4.1.2/istack-commons-runtime-4.1.2.jar:/Users/henrickagname/.m2/repository/jakarta/inject/jakarta.inject-api/2.0.1/jakarta.inject-api-2.0.1.jar:/Users/henrickagname/.m2/repository/org/antlr/antlr4-runtime/4.13.0/antlr4-runtime-4.13.0.jar:/Users/henrickagname/.m2/repository/org/springframework/data/spring-data-jpa/3.2.2/spring-data-jpa-3.2.2.jar:/Users/henrickagname/.m2/repository/org/springframework/data/spring-data-commons/3.2.2/spring-data-commons-3.2.2.jar:/Users/henrickagname/.m2/repository/org/springframework/spring-orm/6.1.3/spring-orm-6.1.3.jar:/Users/henrickagname/.m2/repository/org/springframework/spring-context/6.1.3/spring-context-6.1.3.jar:/Users/henrickagname/.m2/repository/org/springframework/spring-tx/6.1.3/spring-tx-6.1.3.jar:/Users/henrickagname/.m2/repository/org/springframework/spring-beans/6.1.3/spring-beans-6.1.3.jar:/Users/henrickagname/.m2/repository/jakarta/annotation/jakarta.annotation-api/2.1.1/jakarta.annotation-api-2.1.1.jar:/Users/henrickagname/.m2/repository/org/slf4j/slf4j-api/2.0.11/slf4j-api-2.0.11.jar:/Users/henrickagname/.m2/repository/org/springframework/spring-aspects/6.1.3/spring-aspects-6.1.3.jar:/Users/henrickagname/.m2/repository/org/springframework/boot/spring-boot-starter-security/3.2.2/spring-boot-starter-security-3.2.2.jar:/Users/henrickagname/.m2/repository/org/springframework/boot/spring-boot-starter/3.2.2/spring-boot-starter-3.2.2.jar:/Users/henrickagname/.m2/repository/org/springframework/boot/spring-boot/3.2.2/spring-boot-3.2.2.jar:/Users/henrickagname/.m2/repository/org/springframework/boot/spring-boot-autoconfigure/3.2.2/spring-boot-autoconfigure-3.2.2.jar:/Users/henrickagname/.m2/repository/org/springframework/boot/spring-boot-starter-logging/3.2.2/spring-boot-starter-logging-3.2.2.jar:/Users/henrickagname/.m2/repository/ch/qos/logback/logback-classic/1.4.14/logback-classic-1.4.14.jar:/Users/henrickagname/.m2/repository/ch/qos/logback/logback-core/1.4.14/logback-core-1.4.14.jar:/Users/henrickagname/.m2/repository/org/apache/logging/log4j/log4j-to-slf4j/2.21.1/log4j-to-slf4j-2.21.1.jar:/Users/henrickagname/.m2/repository/org/apache/logging/log4j/log4j-api/2.21.1/log4j-api-2.21.1.jar:/Users/henrickagname/.m2/repository/org/slf4j/jul-to-slf4j/2.0.11/jul-to-slf4j-2.0.11.jar:/Users/henrickagname/.m2/repository/org/yaml/snakeyaml/2.2/snakeyaml-2.2.jar:/Users/henrickagname/.m2/repository/org/springframework/spring-aop/6.1.3/spring-aop-6.1.3.jar:/Users/henrickagname/.m2/repository/org/springframework/security/spring-security-config/6.2.1/spring-security-config-6.2.1.jar:/Users/henrickagname/.m2/repository/org/springframework/security/spring-security-web/6.2.1/spring-security-web-6.2.1.jar:/Users/henrickagname/.m2/repository/org/springframework/spring-expression/6.1.3/spring-expression-6.1.3.jar:/Users/henrickagname/.m2/repository/org/springframework/boot/spring-boot-starter-web/3.2.2/spring-boot-starter-web-3.2.2.jar:/Users/henrickagname/.m2/repository/org/springframework/boot/spring-boot-starter-json/3.2.2/spring-boot-starter-json-3.2.2.jar:/Users/henrickagname/.m2/repository/com/fasterxml/jackson/core/jackson-databind/2.15.3/jackson-databind-2.15.3.jar:/Users/henrickagname/.m2/repository/com/fasterxml/jackson/core/jackson-annotations/2.15.3/jackson-annotations-2.15.3.jar:/Users/henrickagname/.m2/repository/com/fasterxml/jackson/core/jackson-core/2.15.3/jackson-core-2.15.3.jar:/Users/henrickagname/.m2/repository/com/fasterxml/jackson/datatype/jackson-datatype-jdk8/2.15.3/jackson-datatype-jdk8-2.15.3.jar:/Users/henrickagname/.m2/repository/com/fasterxml/jackson/datatype/jackson-datatype-jsr310/2.15.3/jackson-datatype-jsr310-2.15.3.jar:/Users/henrickagname/.m2/repository/com/fasterxml/jackson/module/jackson-module-parameter-names/2.15.3/jackson-module-parameter-names-2.15.3.jar:/Users/henrickagname/.m2/repository/org/springframework/boot/spring-boot-starter-tomcat/3.2.2/spring-boot-starter-tomcat-3.2.2.jar:/Users/henrickagname/.m2/repository/org/apache/tomcat/embed/tomcat-embed-core/10.1.18/tomcat-embed-core-10.1.18.jar:/Users/henrickagname/.m2/repository/org/apache/tomcat/embed/tomcat-embed-el/10.1.18/tomcat-embed-el-10.1.18.jar:/Users/henrickagname/.m2/repository/org/apache/tomcat/embed/tomcat-embed-websocket/10.1.18/tomcat-embed-websocket-10.1.18.jar:/Users/henrickagname/.m2/repository/org/springframework/spring-web/6.1.3/spring-web-6.1.3.jar:/Users/henrickagname/.m2/repository/io/micrometer/micrometer-observation/1.12.2/micrometer-observation-1.12.2.jar:/Users/henrickagname/.m2/repository/io/micrometer/micrometer-commons/1.12.2/micrometer-commons-1.12.2.jar:/Users/henrickagname/.m2/repository/org/springframework/spring-webmvc/6.1.3/spring-webmvc-6.1.3.jar:/Users/henrickagname/.m2/repository/com/h2database/h2/2.2.224/h2-2.2.224.jar:/Users/henrickagname/.m2/repository/org/projectlombok/lombok/1.18.30/lombok-1.18.30.jar:/Users/henrickagname/.m2/repository/org/springframework/boot/spring-boot-starter-test/3.2.2/spring-boot-starter-test-3.2.2.jar:/Users/henrickagname/.m2/repository/org/springframework/boot/spring-boot-test/3.2.2/spring-boot-test-3.2.2.jar:/Users/henrickagname/.m2/repository/org/springframework/boot/spring-boot-test-autoconfigure/3.2.2/spring-boot-test-autoconfigure-3.2.2.jar:/Users/henrickagname/.m2/repository/com/jayway/jsonpath/json-path/2.8.0/json-path-2.8.0.jar:/Users/henrickagname/.m2/repository/jakarta/xml/bind/jakarta.xml.bind-api/4.0.1/jakarta.xml.bind-api-4.0.1.jar:/Users/henrickagname/.m2/repository/jakarta/activation/jakarta.activation-api/2.1.2/jakarta.activation-api-2.1.2.jar:/Users/henrickagname/.m2/repository/net/minidev/json-smart/2.5.0/json-smart-2.5.0.jar:/Users/henrickagname/.m2/repository/net/minidev/accessors-smart/2.5.0/accessors-smart-2.5.0.jar:/Users/henrickagname/.m2/repository/org/ow2/asm/asm/9.3/asm-9.3.jar:/Users/henrickagname/.m2/repository/org/assertj/assertj-core/3.24.2/assertj-core-3.24.2.jar:/Users/henrickagname/.m2/repository/org/awaitility/awaitility/4.2.0/awaitility-4.2.0.jar:/Users/henrickagname/.m2/repository/org/hamcrest/hamcrest/2.2/hamcrest-2.2.jar:/Users/henrickagname/.m2/repository/org/junit/jupiter/junit-jupiter/5.10.1/junit-jupiter-5.10.1.jar:/Users/henrickagname/.m2/repository/org/junit/jupiter/junit-jupiter-api/5.10.1/junit-jupiter-api-5.10.1.jar:/Users/henrickagname/.m2/repository/org/opentest4j/opentest4j/1.3.0/opentest4j-1.3.0.jar:/Users/henrickagname/.m2/repository/org/junit/platform/junit-platform-commons/1.10.1/junit-platform-commons-1.10.1.jar:/Users/henrickagname/.m2/repository/org/apiguardian/apiguardian-api/1.1.2/apiguardian-api-1.1.2.jar:/Users/henrickagname/.m2/repository/org/junit/jupiter/junit-jupiter-params/5.10.1/junit-jupiter-params-5.10.1.jar:/Users/henrickagname/.m2/repository/org/junit/jupiter/junit-jupiter-engine/5.10.1/junit-jupiter-engine-5.10.1.jar:/Users/henrickagname/.m2/repository/org/junit/platform/junit-platform-engine/1.10.1/junit-platform-engine-1.10.1.jar:/Users/henrickagname/.m2/repository/org/mockito/mockito-core/5.7.0/mockito-core-5.7.0.jar:/Users/henrickagname/.m2/repository/net/bytebuddy/byte-buddy-agent/1.14.11/byte-buddy-agent-1.14.11.jar:/Users/henrickagname/.m2/repository/org/objenesis/objenesis/3.3/objenesis-3.3.jar:/Users/henrickagname/.m2/repository/org/mockito/mockito-junit-jupiter/5.7.0/mockito-junit-jupiter-5.7.0.jar:/Users/henrickagname/.m2/repository/org/skyscreamer/jsonassert/1.5.1/jsonassert-1.5.1.jar:/Users/henrickagname/.m2/repository/com/vaadin/external/google/android-json/0.0.20131108.vaadin1/android-json-0.0.20131108.vaadin1.jar:/Users/henrickagname/.m2/repository/org/springframework/spring-core/6.1.3/spring-core-6.1.3.jar:/Users/henrickagname/.m2/repository/org/springframework/spring-jcl/6.1.3/spring-jcl-6.1.3.jar:/Users/henrickagname/.m2/repository/org/springframework/spring-test/6.1.3/spring-test-6.1.3.jar:/Users/henrickagname/.m2/repository/org/xmlunit/xmlunit-core/2.9.1/xmlunit-core-2.9.1.jar:/Users/henrickagname/.m2/repository/org/springframework/security/spring-security-test/6.2.1/spring-security-test-6.2.1.jar:/Users/henrickagname/.m2/repository/org/springframework/security/spring-security-core/6.2.1/spring-security-core-6.2.1.jar:/Users/henrickagname/.m2/repository/org/springframework/security/spring-security-crypto/6.2.1/spring-security-crypto-6.2.1.jar:/Users/henrickagname/.m2/repository/com/mysql/mysql-connector-j/8.3.0/mysql-connector-j-8.3.0.jar:/Users/henrickagname/.m2/repository/org/springframework/boot/spring-boot-starter-webflux/3.2.2/spring-boot-starter-webflux-3.2.2.jar:/Users/henrickagname/.m2/repository/org/springframework/boot/spring-boot-starter-reactor-netty/3.2.2/spring-boot-starter-reactor-netty-3.2.2.jar:/Users/henrickagname/.m2/repository/io/projectreactor/netty/reactor-netty-http/1.1.15/reactor-netty-http-1.1.15.jar:/Users/henrickagname/.m2/repository/io/netty/netty-codec-http/4.1.105.Final/netty-codec-http-4.1.105.Final.jar:/Users/henrickagname/.m2/repository/io/netty/netty-common/4.1.105.Final/netty-common-4.1.105.Final.jar:/Users/henrickagname/.m2/repository/io/netty/netty-buffer/4.1.105.Final/netty-buffer-4.1.105.Final.jar:/Users/henrickagname/.m2/repository/io/netty/netty-transport/4.1.105.Final/netty-transport-4.1.105.Final.jar:/Users/henrickagname/.m2/repository/io/netty/netty-codec/4.1.105.Final/netty-codec-4.1.105.Final.jar:/Users/henrickagname/.m2/repository/io/netty/netty-handler/4.1.105.Final/netty-handler-4.1.105.Final.jar:/Users/henrickagname/.m2/repository/io/netty/netty-codec-http2/4.1.105.Final/netty-codec-http2-4.1.105.Final.jar:/Users/henrickagname/.m2/repository/io/netty/netty-resolver-dns/4.1.105.Final/netty-resolver-dns-4.1.105.Final.jar:/Users/henrickagname/.m2/repository/io/netty/netty-resolver/4.1.105.Final/netty-resolver-4.1.105.Final.jar:/Users/henrickagname/.m2/repository/io/netty/netty-codec-dns/4.1.105.Final/netty-codec-dns-4.1.105.Final.jar:/Users/henrickagname/.m2/repository/io/netty/netty-resolver-dns-native-macos/4.1.105.Final/netty-resolver-dns-native-macos-4.1.105.Final-osx-x86_64.jar:/Users/henrickagname/.m2/repository/io/netty/netty-resolver-dns-classes-macos/4.1.105.Final/netty-resolver-dns-classes-macos-4.1.105.Final.jar:/Users/henrickagname/.m2/repository/io/netty/netty-transport-native-epoll/4.1.105.Final/netty-transport-native-epoll-4.1.105.Final-linux-x86_64.jar:/Users/henrickagname/.m2/repository/io/netty/netty-transport-native-unix-common/4.1.105.Final/netty-transport-native-unix-common-4.1.105.Final.jar:/Users/henrickagname/.m2/repository/io/netty/netty-transport-classes-epoll/4.1.105.Final/netty-transport-classes-epoll-4.1.105.Final.jar:/Users/henrickagname/.m2/repository/io/projectreactor/netty/reactor-netty-core/1.1.15/reactor-netty-core-1.1.15.jar:/Users/henrickagname/.m2/repository/io/netty/netty-handler-proxy/4.1.105.Final/netty-handler-proxy-4.1.105.Final.jar:/Users/henrickagname/.m2/repository/io/netty/netty-codec-socks/4.1.105.Final/netty-codec-socks-4.1.105.Final.jar:/Users/henrickagname/.m2/repository/org/springframework/spring-webflux/6.1.3/spring-webflux-6.1.3.jar:/Users/henrickagname/.m2/repository/io/projectreactor/reactor-core/3.6.2/reactor-core-3.6.2.jar:/Users/henrickagname/.m2/repository/org/reactivestreams/reactive-streams/1.0.4/reactive-streams-1.0.4.jar:/Users/henrickagname/.m2/repository/org/springframework/boot/spring-boot-starter-jdbc/3.2.2/spring-boot-starter-jdbc-3.2.2.jar:/Users/henrickagname/.m2/repository/com/zaxxer/HikariCP/5.0.1/HikariCP-5.0.1.jar:/Users/henrickagname/.m2/repository/org/springframework/spring-jdbc/6.1.3/spring-jdbc-6.1.3.jar:"/>
    <property name="java.vm.vendor" value="Oracle Corporation"/>
    <property name="sun.arch.data.model" value="64"/>
    <property name="java.vendor.url" value="https://java.oracle.com/"/>
    <property name="user.timezone" value="Europe/Paris"/>
    <property name="org.jboss.logging.provider" value="slf4j"/>
    <property name="os.name" value="Mac OS X"/>
    <property name="java.vm.specification.version" value="19"/>
    <property name="sun.java.launcher" value="SUN_STANDARD"/>
    <property name="user.country" value="FR"/>
    <property name="sun.boot.library.path" value="/Library/Java/JavaVirtualMachines/jdk-19.jdk/Contents/Home/lib"/>
    <property name="sun.java.command" value="/Users/henrickagname/openclassroom/p11/api/target/surefire/surefirebooter-20240229201657379_3.jar /Users/henrickagname/openclassroom/p11/api/target/surefire 2024-02-29T20-16-57_268-jvmRun1 surefire-20240229201657379_1tmp surefire_0-20240229201657379_2tmp"/>
    <property name="http.nonProxyHosts" value="local|*.local|169.254/16|*.169.254/16"/>
    <property name="jdk.debug" value="release"/>
    <property name="surefire.test.class.path" value="/Users/henrickagname/openclassroom/p11/api/target/test-classes:/Users/henrickagname/openclassroom/p11/api/target/classes:/Users/henrickagname/.m2/repository/org/springframework/boot/spring-boot-starter-data-jpa/3.2.2/spring-boot-starter-data-jpa-3.2.2.jar:/Users/henrickagname/.m2/repository/org/springframework/boot/spring-boot-starter-aop/3.2.2/spring-boot-starter-aop-3.2.2.jar:/Users/henrickagname/.m2/repository/org/aspectj/aspectjweaver/1.9.21/aspectjweaver-1.9.21.jar:/Users/henrickagname/.m2/repository/org/hibernate/orm/hibernate-core/6.4.1.Final/hibernate-core-6.4.1.Final.jar:/Users/henrickagname/.m2/repository/jakarta/persistence/jakarta.persistence-api/3.1.0/jakarta.persistence-api-3.1.0.jar:/Users/henrickagname/.m2/repository/jakarta/transaction/jakarta.transaction-api/2.0.1/jakarta.transaction-api-2.0.1.jar:/Users/henrickagname/.m2/repository/org/jboss/logging/jboss-logging/3.5.3.Final/jboss-logging-3.5.3.Final.jar:/Users/henrickagname/.m2/repository/org/hibernate/common/hibernate-commons-annotations/6.0.6.Final/hibernate-commons-annotations-6.0.6.Final.jar:/Users/henrickagname/.m2/repository/io/smallrye/jandex/3.1.2/jandex-3.1.2.jar:/Users/henrickagname/.m2/repository/com/fasterxml/classmate/1.6.0/classmate-1.6.0.jar:/Users/henrickagname/.m2/repository/net/bytebuddy/byte-buddy/1.14.11/byte-buddy-1.14.11.jar:/Users/henrickagname/.m2/repository/org/glassfish/jaxb/jaxb-runtime/4.0.4/jaxb-runtime-4.0.4.jar:/Users/henrickagname/.m2/repository/org/glassfish/jaxb/jaxb-core/4.0.4/jaxb-core-4.0.4.jar:/Users/henrickagname/.m2/repository/org/eclipse/angus/angus-activation/2.0.1/angus-activation-2.0.1.jar:/Users/henrickagname/.m2/repository/org/glassfish/jaxb/txw2/4.0.4/txw2-4.0.4.jar:/Users/henrickagname/.m2/repository/com/sun/istack/istack-commons-runtime/4.1.2/istack-commons-runtime-4.1.2.jar:/Users/henrickagname/.m2/repository/jakarta/inject/jakarta.inject-api/2.0.1/jakarta.inject-api-2.0.1.jar:/Users/henrickagname/.m2/repository/org/antlr/antlr4-runtime/4.13.0/antlr4-runtime-4.13.0.jar:/Users/henrickagname/.m2/repository/org/springframework/data/spring-data-jpa/3.2.2/spring-data-jpa-3.2.2.jar:/Users/henrickagname/.m2/repository/org/springframework/data/spring-data-commons/3.2.2/spring-data-commons-3.2.2.jar:/Users/henrickagname/.m2/repository/org/springframework/spring-orm/6.1.3/spring-orm-6.1.3.jar:/Users/henrickagname/.m2/repository/org/springframework/spring-context/6.1.3/spring-context-6.1.3.jar:/Users/henrickagname/.m2/repository/org/springframework/spring-tx/6.1.3/spring-tx-6.1.3.jar:/Users/henrickagname/.m2/repository/org/springframework/spring-beans/6.1.3/spring-beans-6.1.3.jar:/Users/henrickagname/.m2/repository/jakarta/annotation/jakarta.annotation-api/2.1.1/jakarta.annotation-api-2.1.1.jar:/Users/henrickagname/.m2/repository/org/slf4j/slf4j-api/2.0.11/slf4j-api-2.0.11.jar:/Users/henrickagname/.m2/repository/org/springframework/spring-aspects/6.1.3/spring-aspects-6.1.3.jar:/Users/henrickagname/.m2/repository/org/springframework/boot/spring-boot-starter-security/3.2.2/spring-boot-starter-security-3.2.2.jar:/Users/henrickagname/.m2/repository/org/springframework/boot/spring-boot-starter/3.2.2/spring-boot-starter-3.2.2.jar:/Users/henrickagname/.m2/repository/org/springframework/boot/spring-boot/3.2.2/spring-boot-3.2.2.jar:/Users/henrickagname/.m2/repository/org/springframework/boot/spring-boot-autoconfigure/3.2.2/spring-boot-autoconfigure-3.2.2.jar:/Users/henrickagname/.m2/repository/org/springframework/boot/spring-boot-starter-logging/3.2.2/spring-boot-starter-logging-3.2.2.jar:/Users/henrickagname/.m2/repository/ch/qos/logback/logback-classic/1.4.14/logback-classic-1.4.14.jar:/Users/henrickagname/.m2/repository/ch/qos/logback/logback-core/1.4.14/logback-core-1.4.14.jar:/Users/henrickagname/.m2/repository/org/apache/logging/log4j/log4j-to-slf4j/2.21.1/log4j-to-slf4j-2.21.1.jar:/Users/henrickagname/.m2/repository/org/apache/logging/log4j/log4j-api/2.21.1/log4j-api-2.21.1.jar:/Users/henrickagname/.m2/repository/org/slf4j/jul-to-slf4j/2.0.11/jul-to-slf4j-2.0.11.jar:/Users/henrickagname/.m2/repository/org/yaml/snakeyaml/2.2/snakeyaml-2.2.jar:/Users/henrickagname/.m2/repository/org/springframework/spring-aop/6.1.3/spring-aop-6.1.3.jar:/Users/henrickagname/.m2/repository/org/springframework/security/spring-security-config/6.2.1/spring-security-config-6.2.1.jar:/Users/henrickagname/.m2/repository/org/springframework/security/spring-security-web/6.2.1/spring-security-web-6.2.1.jar:/Users/henrickagname/.m2/repository/org/springframework/spring-expression/6.1.3/spring-expression-6.1.3.jar:/Users/henrickagname/.m2/repository/org/springframework/boot/spring-boot-starter-web/3.2.2/spring-boot-starter-web-3.2.2.jar:/Users/henrickagname/.m2/repository/org/springframework/boot/spring-boot-starter-json/3.2.2/spring-boot-starter-json-3.2.2.jar:/Users/henrickagname/.m2/repository/com/fasterxml/jackson/core/jackson-databind/2.15.3/jackson-databind-2.15.3.jar:/Users/henrickagname/.m2/repository/com/fasterxml/jackson/core/jackson-annotations/2.15.3/jackson-annotations-2.15.3.jar:/Users/henrickagname/.m2/repository/com/fasterxml/jackson/core/jackson-core/2.15.3/jackson-core-2.15.3.jar:/Users/henrickagname/.m2/repository/com/fasterxml/jackson/datatype/jackson-datatype-jdk8/2.15.3/jackson-datatype-jdk8-2.15.3.jar:/Users/henrickagname/.m2/repository/com/fasterxml/jackson/datatype/jackson-datatype-jsr310/2.15.3/jackson-datatype-jsr310-2.15.3.jar:/Users/henrickagname/.m2/repository/com/fasterxml/jackson/module/jackson-module-parameter-names/2.15.3/jackson-module-parameter-names-2.15.3.jar:/Users/henrickagname/.m2/repository/org/springframework/boot/spring-boot-starter-tomcat/3.2.2/spring-boot-starter-tomcat-3.2.2.jar:/Users/henrickagname/.m2/repository/org/apache/tomcat/embed/tomcat-embed-core/10.1.18/tomcat-embed-core-10.1.18.jar:/Users/henrickagname/.m2/repository/org/apache/tomcat/embed/tomcat-embed-el/10.1.18/tomcat-embed-el-10.1.18.jar:/Users/henrickagname/.m2/repository/org/apache/tomcat/embed/tomcat-embed-websocket/10.1.18/tomcat-embed-websocket-10.1.18.jar:/Users/henrickagname/.m2/repository/org/springframework/spring-web/6.1.3/spring-web-6.1.3.jar:/Users/henrickagname/.m2/repository/io/micrometer/micrometer-observation/1.12.2/micrometer-observation-1.12.2.jar:/Users/henrickagname/.m2/repository/io/micrometer/micrometer-commons/1.12.2/micrometer-commons-1.12.2.jar:/Users/henrickagname/.m2/repository/org/springframework/spring-webmvc/6.1.3/spring-webmvc-6.1.3.jar:/Users/henrickagname/.m2/repository/com/h2database/h2/2.2.224/h2-2.2.224.jar:/Users/henrickagname/.m2/repository/org/projectlombok/lombok/1.18.30/lombok-1.18.30.jar:/Users/henrickagname/.m2/repository/org/springframework/boot/spring-boot-starter-test/3.2.2/spring-boot-starter-test-3.2.2.jar:/Users/henrickagname/.m2/repository/org/springframework/boot/spring-boot-test/3.2.2/spring-boot-test-3.2.2.jar:/Users/henrickagname/.m2/repository/org/springframework/boot/spring-boot-test-autoconfigure/3.2.2/spring-boot-test-autoconfigure-3.2.2.jar:/Users/henrickagname/.m2/repository/com/jayway/jsonpath/json-path/2.8.0/json-path-2.8.0.jar:/Users/henrickagname/.m2/repository/jakarta/xml/bind/jakarta.xml.bind-api/4.0.1/jakarta.xml.bind-api-4.0.1.jar:/Users/henrickagname/.m2/repository/jakarta/activation/jakarta.activation-api/2.1.2/jakarta.activation-api-2.1.2.jar:/Users/henrickagname/.m2/repository/net/minidev/json-smart/2.5.0/json-smart-2.5.0.jar:/Users/henrickagname/.m2/repository/net/minidev/accessors-smart/2.5.0/accessors-smart-2.5.0.jar:/Users/henrickagname/.m2/repository/org/ow2/asm/asm/9.3/asm-9.3.jar:/Users/henrickagname/.m2/repository/org/assertj/assertj-core/3.24.2/assertj-core-3.24.2.jar:/Users/henrickagname/.m2/repository/org/awaitility/awaitility/4.2.0/awaitility-4.2.0.jar:/Users/henrickagname/.m2/repository/org/hamcrest/hamcrest/2.2/hamcrest-2.2.jar:/Users/henrickagname/.m2/repository/org/junit/jupiter/junit-jupiter/5.10.1/junit-jupiter-5.10.1.jar:/Users/henrickagname/.m2/repository/org/junit/jupiter/junit-jupiter-api/5.10.1/junit-jupiter-api-5.10.1.jar:/Users/henrickagname/.m2/repository/org/opentest4j/opentest4j/1.3.0/opentest4j-1.3.0.jar:/Users/henrickagname/.m2/repository/org/junit/platform/junit-platform-commons/1.10.1/junit-platform-commons-1.10.1.jar:/Users/henrickagname/.m2/repository/org/apiguardian/apiguardian-api/1.1.2/apiguardian-api-1.1.2.jar:/Users/henrickagname/.m2/repository/org/junit/jupiter/junit-jupiter-params/5.10.1/junit-jupiter-params-5.10.1.jar:/Users/henrickagname/.m2/repository/org/junit/jupiter/junit-jupiter-engine/5.10.1/junit-jupiter-engine-5.10.1.jar:/Users/henrickagname/.m2/repository/org/junit/platform/junit-platform-engine/1.10.1/junit-platform-engine-1.10.1.jar:/Users/henrickagname/.m2/repository/org/mockito/mockito-core/5.7.0/mockito-core-5.7.0.jar:/Users/henrickagname/.m2/repository/net/bytebuddy/byte-buddy-agent/1.14.11/byte-buddy-agent-1.14.11.jar:/Users/henrickagname/.m2/repository/org/objenesis/objenesis/3.3/objenesis-3.3.jar:/Users/henrickagname/.m2/repository/org/mockito/mockito-junit-jupiter/5.7.0/mockito-junit-jupiter-5.7.0.jar:/Users/henrickagname/.m2/repository/org/skyscreamer/jsonassert/1.5.1/jsonassert-1.5.1.jar:/Users/henrickagname/.m2/repository/com/vaadin/external/google/android-json/0.0.20131108.vaadin1/android-json-0.0.20131108.vaadin1.jar:/Users/henrickagname/.m2/repository/org/springframework/spring-core/6.1.3/spring-core-6.1.3.jar:/Users/henrickagname/.m2/repository/org/springframework/spring-jcl/6.1.3/spring-jcl-6.1.3.jar:/Users/henrickagname/.m2/repository/org/springframework/spring-test/6.1.3/spring-test-6.1.3.jar:/Users/henrickagname/.m2/repository/org/xmlunit/xmlunit-core/2.9.1/xmlunit-core-2.9.1.jar:/Users/henrickagname/.m2/repository/org/springframework/security/spring-security-test/6.2.1/spring-security-test-6.2.1.jar:/Users/henrickagname/.m2/repository/org/springframework/security/spring-security-core/6.2.1/spring-security-core-6.2.1.jar:/Users/henrickagname/.m2/repository/org/springframework/security/spring-security-crypto/6.2.1/spring-security-crypto-6.2.1.jar:/Users/henrickagname/.m2/repository/com/mysql/mysql-connector-j/8.3.0/mysql-connector-j-8.3.0.jar:/Users/henrickagname/.m2/repository/org/springframework/boot/spring-boot-starter-webflux/3.2.2/spring-boot-starter-webflux-3.2.2.jar:/Users/henrickagname/.m2/repository/org/springframework/boot/spring-boot-starter-reactor-netty/3.2.2/spring-boot-starter-reactor-netty-3.2.2.jar:/Users/henrickagname/.m2/repository/io/projectreactor/netty/reactor-netty-http/1.1.15/reactor-netty-http-1.1.15.jar:/Users/henrickagname/.m2/repository/io/netty/netty-codec-http/4.1.105.Final/netty-codec-http-4.1.105.Final.jar:/Users/henrickagname/.m2/repository/io/netty/netty-common/4.1.105.Final/netty-common-4.1.105.Final.jar:/Users/henrickagname/.m2/repository/io/netty/netty-buffer/4.1.105.Final/netty-buffer-4.1.105.Final.jar:/Users/henrickagname/.m2/repository/io/netty/netty-transport/4.1.105.Final/netty-transport-4.1.105.Final.jar:/Users/henrickagname/.m2/repository/io/netty/netty-codec/4.1.105.Final/netty-codec-4.1.105.Final.jar:/Users/henrickagname/.m2/repository/io/netty/netty-handler/4.1.105.Final/netty-handler-4.1.105.Final.jar:/Users/henrickagname/.m2/repository/io/netty/netty-codec-http2/4.1.105.Final/netty-codec-http2-4.1.105.Final.jar:/Users/henrickagname/.m2/repository/io/netty/netty-resolver-dns/4.1.105.Final/netty-resolver-dns-4.1.105.Final.jar:/Users/henrickagname/.m2/repository/io/netty/netty-resolver/4.1.105.Final/netty-resolver-4.1.105.Final.jar:/Users/henrickagname/.m2/repository/io/netty/netty-codec-dns/4.1.105.Final/netty-codec-dns-4.1.105.Final.jar:/Users/henrickagname/.m2/repository/io/netty/netty-resolver-dns-native-macos/4.1.105.Final/netty-resolver-dns-native-macos-4.1.105.Final-osx-x86_64.jar:/Users/henrickagname/.m2/repository/io/netty/netty-resolver-dns-classes-macos/4.1.105.Final/netty-resolver-dns-classes-macos-4.1.105.Final.jar:/Users/henrickagname/.m2/repository/io/netty/netty-transport-native-epoll/4.1.105.Final/netty-transport-native-epoll-4.1.105.Final-linux-x86_64.jar:/Users/henrickagname/.m2/repository/io/netty/netty-transport-native-unix-common/4.1.105.Final/netty-transport-native-unix-common-4.1.105.Final.jar:/Users/henrickagname/.m2/repository/io/netty/netty-transport-classes-epoll/4.1.105.Final/netty-transport-classes-epoll-4.1.105.Final.jar:/Users/henrickagname/.m2/repository/io/projectreactor/netty/reactor-netty-core/1.1.15/reactor-netty-core-1.1.15.jar:/Users/henrickagname/.m2/repository/io/netty/netty-handler-proxy/4.1.105.Final/netty-handler-proxy-4.1.105.Final.jar:/Users/henrickagname/.m2/repository/io/netty/netty-codec-socks/4.1.105.Final/netty-codec-socks-4.1.105.Final.jar:/Users/henrickagname/.m2/repository/org/springframework/spring-webflux/6.1.3/spring-webflux-6.1.3.jar:/Users/henrickagname/.m2/repository/io/projectreactor/reactor-core/3.6.2/reactor-core-3.6.2.jar:/Users/henrickagname/.m2/repository/org/reactivestreams/reactive-streams/1.0.4/reactive-streams-1.0.4.jar:/Users/henrickagname/.m2/repository/org/springframework/boot/spring-boot-starter-jdbc/3.2.2/spring-boot-starter-jdbc-3.2.2.jar:/Users/henrickagname/.m2/repository/com/zaxxer/HikariCP/5.0.1/HikariCP-5.0.1.jar:/Users/henrickagname/.m2/repository/org/springframework/spring-jdbc/6.1.3/spring-jdbc-6.1.3.jar:"/>
    <property name="sun.cpu.endian" value="little"/>
    <property name="user.home" value="/Users/henrickagname"/>
    <property name="user.language" value="fr"/>
    <property name="java.specification.vendor" value="Oracle Corporation"/>
    <property name="java.version.date" value="2022-10-18"/>
    <property name="java.home" value="/Library/Java/JavaVirtualMachines/jdk-19.jdk/Contents/Home"/>
    <property name="file.separator" value="/"/>
    <property name="basedir" value="/Users/henrickagname/openclassroom/p11/api"/>
    <property name="style.color" value="always"/>
    <property name="java.vm.compressedOopsMode" value="Zero based"/>
    <property name="line.separator" value="&#10;"/>
    <property name="java.vm.specification.vendor" value="Oracle Corporation"/>
    <property name="java.specification.name" value="Java Platform API Specification"/>
    <property name="FILE_LOG_CHARSET" value="UTF-8"/>
    <property name="java.awt.headless" value="true"/>
    <property name="apple.awt.application.name" value="ForkedBooter"/>
    <property name="surefire.real.class.path" value="/Users/henrickagname/openclassroom/p11/api/target/surefire/surefirebooter-20240229201657379_3.jar"/>
    <property name="sun.management.compiler" value="HotSpot 64-Bit Tiered Compilers"/>
    <property name="ftp.nonProxyHosts" value="local|*.local|169.254/16|*.169.254/16"/>
    <property name="java.runtime.version" value="19.0.1+10-21"/>
    <property name="user.name" value="henrickagname"/>
    <property name="stdout.encoding" value="UTF-8"/>
    <property name="path.separator" value=":"/>
    <property name="os.version" value="14.3.1"/>
    <property name="java.runtime.name" value="Java(TM) SE Runtime Environment"/>
    <property name="file.encoding" value="UTF-8"/>
    <property name="java.vm.name" value="Java HotSpot(TM) 64-Bit Server VM"/>
    <property name="localRepository" value="/Users/henrickagname/.m2/repository"/>
    <property name="java.vendor.url.bug" value="https://bugreport.java.com/bugreport/"/>
    <property name="java.io.tmpdir" value="/var/folders/4h/92h0c06j0k796rws6x4168fw0000gn/T/"/>
    <property name="com.zaxxer.hikari.pool_number" value="1"/>
    <property name="java.version" value="19.0.1"/>
    <property name="user.dir" value="/Users/henrickagname/openclassroom/p11/api"/>
    <property name="os.arch" value="x86_64"/>
    <property name="java.vm.specification.name" value="Java Virtual Machine Specification"/>
    <property name="PID" value="11936"/>
    <property name="CONSOLE_LOG_CHARSET" value="UTF-8"/>
    <property name="native.encoding" value="UTF-8"/>
    <property name="java.library.path" value="/Users/henrickagname/Library/Java/Extensions:/Library/Java/Extensions:/Network/Library/Java/Extensions:/System/Library/Java/Extensions:/usr/lib/java:."/>
    <property name="java.vm.info" value="mixed mode, sharing"/>
    <property name="stderr.encoding" value="UTF-8"/>
    <property name="java.vendor" value="Oracle Corporation"/>
    <property name="java.vm.version" value="19.0.1+10-21"/>
    <property name="sun.io.unicode.encoding" value="UnicodeBig"/>
    <property name="socksNonProxyHosts" value="local|*.local|169.254/16|*.169.254/16"/>
    <property name="java.class.version" value="63.0"/>
    <property name="LOGGED_APPLICATION_NAME" value="[api] "/>
  </properties>
  <testcase name="contextLoads" classname="com.medhead.api.ApiApplicationTests" time="0.005">
    <system-out><![CDATA[2024-02-29T20:17:01.568+01:00  INFO 11936 --- [api] [           main] t.c.s.AnnotationConfigContextLoaderUtils : Could not detect default configuration classes for test class [com.medhead.api.ApiApplicationTests]: ApiApplicationTests does not declare any static, non-private, non-final, nested classes annotated with @Configuration.
2024-02-29T20:17:01.580+01:00  INFO 11936 --- [api] [           main] .b.t.c.SpringBootTestContextBootstrapper : Found @SpringBootConfiguration com.medhead.api.ApiApplication for test class com.medhead.api.ApiApplicationTests

  .   ____          _            __ _ _
 /\\ / ___'_ __ _ _(_)_ __  __ _ \ \ \ \
( ( )\___ | '_ | '_| | '_ \/ _` | \ \ \ \
 \\/  ___)| |_)| | | | | || (_| |  ) ) ) )
  '  |____| .__|_| |_|_| |_\__, | / / / /
 =========|_|==============|___/=/_/_/_/
 :: Spring Boot ::                (v3.2.2)

2024-02-29T20:17:01.628+01:00  INFO 11936 --- [api] [           main] com.medhead.api.ApiApplicationTests      : Starting ApiApplicationTests using Java 19.0.1 with PID 11936 (started by henrickagname in /Users/henrickagname/openclassroom/p11/api)
2024-02-29T20:17:01.629+01:00  INFO 11936 --- [api] [           main] com.medhead.api.ApiApplicationTests      : No active profile set, falling back to 1 default profile: "default"
2024-02-29T20:17:01.944+01:00  INFO 11936 --- [api] [           main] .s.d.r.c.RepositoryConfigurationDelegate : Bootstrapping Spring Data JPA repositories in DEFAULT mode.
2024-02-29T20:17:01.988+01:00  INFO 11936 --- [api] [           main] .s.d.r.c.RepositoryConfigurationDelegate : Finished Spring Data repository scanning in 37 ms. Found 2 JPA repository interfaces.
2024-02-29T20:17:02.299+01:00  INFO 11936 --- [api] [           main] com.zaxxer.hikari.HikariDataSource       : HikariPool-1 - Starting...
2024-02-29T20:17:02.656+01:00  INFO 11936 --- [api] [           main] com.zaxxer.hikari.pool.HikariPool        : HikariPool-1 - Added connection com.mysql.cj.jdbc.ConnectionImpl@29ae2517
2024-02-29T20:17:02.657+01:00  INFO 11936 --- [api] [           main] com.zaxxer.hikari.HikariDataSource       : HikariPool-1 - Start completed.
2024-02-29T20:17:02.698+01:00  INFO 11936 --- [api] [           main] o.hibernate.jpa.internal.util.LogHelper  : HHH000204: Processing PersistenceUnitInfo [name: default]
2024-02-29T20:17:02.747+01:00  INFO 11936 --- [api] [           main] org.hibernate.Version                    : HHH000412: Hibernate ORM core version 6.4.1.Final
2024-02-29T20:17:02.784+01:00  INFO 11936 --- [api] [           main] o.h.c.internal.RegionFactoryInitiator    : HHH000026: Second-level cache disabled
2024-02-29T20:17:02.901+01:00  INFO 11936 --- [api] [           main] o.s.o.j.p.SpringPersistenceUnitInfo      : No LoadTimeWeaver setup: ignoring JPA class transformer
2024-02-29T20:17:02.975+01:00  WARN 11936 --- [api] [           main] org.hibernate.orm.deprecation            : HHH90000025: MySQLDialect does not need to be specified explicitly using 'hibernate.dialect' (remove the property setting and it will be selected by default)
2024-02-29T20:17:03.683+01:00  INFO 11936 --- [api] [           main] o.h.e.t.j.p.i.JtaPlatformInitiator       : HHH000489: No JTA platform available (set 'hibernate.transaction.jta.platform' to enable JTA platform integration)
2024-02-29T20:17:03.686+01:00  INFO 11936 --- [api] [           main] j.LocalContainerEntityManagerFactoryBean : Initialized JPA EntityManagerFactory for persistence unit 'default'
2024-02-29T20:17:03.989+01:00  WARN 11936 --- [api] [           main] JpaBaseConfiguration$JpaWebConfiguration : spring.jpa.open-in-view is enabled by default. Therefore, database queries may be performed during view rendering. Explicitly configure spring.jpa.open-in-view to disable this warning
2024-02-29T20:17:04.255+01:00  INFO 11936 --- [api] [           main] o.s.s.web.DefaultSecurityFilterChain     : Will secure any request with [org.springframework.security.web.session.DisableEncodeUrlFilter@4efb7c99, org.springframework.security.web.context.request.async.WebAsyncManagerIntegrationFilter@5563a63f, org.springframework.security.web.context.SecurityContextHolderFilter@12db2921, org.springframework.security.web.header.HeaderWriterFilter@55a7f0af, org.springframework.web.filter.CorsFilter@20a3118, org.springframework.security.web.csrf.CsrfFilter@693676d, org.springframework.security.web.authentication.logout.LogoutFilter@54b3407b, org.springframework.security.web.authentication.www.BasicAuthenticationFilter@85446a, org.springframework.security.web.savedrequest.RequestCacheAwareFilter@f6e9c18, org.springframework.security.web.servletapi.SecurityContextHolderAwareRequestFilter@75225415, org.springframework.security.web.authentication.AnonymousAuthenticationFilter@28068327, org.springframework.security.web.access.ExceptionTranslationFilter@2a0a178f, org.springframework.security.web.access.intercept.AuthorizationFilter@4823f3b8]
2024-02-29T20:17:04.504+01:00  INFO 11936 --- [api] [           main] com.medhead.api.ApiApplicationTests      : Started ApiApplicationTests in 2.917 seconds (process running for 7.028)
]]></system-out>
  </testcase>
</testsuite>